2025-05-08 00:28:16,559 - INFO - Starting data preparation process
2025-05-08 00:28:16,590 - INFO - Database connection established
2025-05-08 00:28:17,505 - INFO - Connected to PostgreSQL: ('PostgreSQL 17.4 (Ubuntu 17.4-1.pgdg24.04+2) on x86_64-pc-linux-gnu, compiled by gcc (Ubuntu 13.3.0-6ubuntu2~24.04) 13.3.0, 64-bit',)
2025-05-08 00:28:17,508 - INFO - Starting to read product list from /Users/alexbozhko/CursorProject/GenSynthData/GenSynthData/invoice-generator/data/anonymized/productList.txt
2025-05-08 00:28:17,510 - INFO - Finished reading product list:
2025-05-08 00:28:17,510 - INFO - - Total lines processed: 206
2025-05-08 00:28:17,510 - INFO - - Valid products found: 206
2025-05-08 00:28:17,510 - INFO - - Invalid lines: 0
2025-05-08 00:28:17,510 - INFO - Loaded 206 multilingual product types
2025-05-08 00:28:17,511 - INFO - Starting product types update process
2025-05-08 00:28:17,619 - INFO - Total records in producttypes table: 203
2025-05-08 00:28:17,620 - INFO - Starting records update...
2025-05-08 00:28:20,042 - INFO - Progress: 50/203 records updated (24.6%)
2025-05-08 00:28:22,465 - INFO - Progress: 100/203 records updated (49.3%)
2025-05-08 00:28:24,889 - INFO - Progress: 150/203 records updated (73.9%)
2025-05-08 00:28:27,312 - INFO - Progress: 200/203 records updated (98.5%)
2025-05-08 00:28:27,458 - INFO - 
Update completed. Statistics:
2025-05-08 00:28:27,458 - INFO - - Total records processed: 203
2025-05-08 00:28:27,458 - INFO - - Successfully updated: 203
2025-05-08 00:28:27,458 - INFO - - Skipped: 0
2025-05-08 00:28:27,458 - INFO - - Errors: 0
2025-05-08 00:28:27,458 - INFO - 
Verifying updates...
2025-05-08 00:28:27,507 - INFO - Records with all languages filled: 88/203
2025-05-08 00:28:27,556 - INFO - Data preparation process completed successfully
